{"level":"info","message":"Listening on port 3000...","timestamp":"2019-04-12T22:25:24.141Z"}
{"level":"info","message":"Connected to ${db}...","timestamp":"2019-04-12T22:25:24.186Z"}
{"level":"info","message":"Listening on port 3000...","timestamp":"2019-04-12T22:25:46.739Z"}
{"level":"info","message":"Connected to mongodb://localhost/vivideo...","timestamp":"2019-04-12T22:25:46.785Z"}
{"level":"info","message":"Listening on port 3000...","timestamp":"2019-04-12T22:26:39.147Z"}
{"level":"info","message":"Connected to mongodb://localhost/vivideo...","timestamp":"2019-04-12T22:26:39.192Z"}
{"level":"info","message":"Listening on port 3000...","timestamp":"2019-04-12T22:27:29.803Z"}
{"level":"info","message":"Connected to mongodb://localhost/vivideo_tests...","timestamp":"2019-04-12T22:27:29.848Z"}
{"level":"info","message":"Listening on port 3000...","timestamp":"2019-04-15T23:23:25.190Z"}
{"level":"info","message":"Connected to mongodb://localhost/vivideo_tests...","timestamp":"2019-04-15T23:23:25.235Z"}
{"level":"info","message":"Connected to mongodb://localhost/vivideo_tests...","timestamp":"2019-04-15T23:26:21.418Z"}
{"level":"info","message":"Listening on port 3000...","timestamp":"2019-04-16T00:41:09.738Z"}
{"level":"info","message":"Connected to mongodb://localhost/vivideo_tests...","timestamp":"2019-04-16T00:41:09.792Z"}
{"level":"info","message":"Listening on port 3000...","timestamp":"2019-04-16T00:51:35.452Z"}
{"level":"info","message":"Connected to mongodb://localhost/vivideo_tests...","timestamp":"2019-04-16T00:51:35.515Z"}
{"level":"info","message":"Listening on port 3000...","timestamp":"2019-04-16T00:51:58.547Z"}
{"level":"info","message":"Connected to mongodb://localhost/vivideo_tests...","timestamp":"2019-04-16T00:51:58.604Z"}
{"level":"info","message":"Listening on port 3000...","timestamp":"2019-04-16T01:02:34.792Z"}
{"level":"info","message":"Connected to mongodb://localhost/vivideo_tests...","timestamp":"2019-04-16T01:02:34.847Z"}
{"level":"info","message":"Listening on port 3000...","timestamp":"2019-04-16T01:09:03.668Z"}
{"level":"info","message":"Connected to mongodb://localhost/vivideo...","timestamp":"2019-04-16T01:09:03.715Z"}
{"level":"info","message":"Listening on port 3000...","timestamp":"2019-04-16T01:12:46.911Z"}
{"level":"info","message":"Connected to mongodb://localhost/vivideo_tests...","timestamp":"2019-04-16T01:12:47.026Z"}
{"level":"info","message":"Listening on port 3000...","timestamp":"2019-04-16T01:12:58.797Z"}
{"level":"info","message":"Connected to mongodb://localhost/vivideo_tests...","timestamp":"2019-04-16T01:12:58.876Z"}
{"level":"info","message":"Listening on port 3000...","timestamp":"2019-04-16T01:13:45.104Z"}
{"level":"info","message":"Connected to mongodb://localhost/vivideo_tests...","timestamp":"2019-04-16T01:13:45.216Z"}
{"level":"info","message":"Listening on port 3000...","timestamp":"2019-04-16T01:15:54.034Z"}
{"level":"info","message":"Connected to mongodb://localhost/vivideo_tests...","timestamp":"2019-04-16T01:15:54.077Z"}
{"level":"info","message":"Listening on port 3000...","timestamp":"2019-04-16T01:19:24.266Z"}
{"level":"info","message":"Connected to mongodb://localhost/vivideo_tests...","timestamp":"2019-04-16T01:19:24.329Z"}
{"level":"info","message":"Listening on port 3000...","timestamp":"2019-04-16T01:20:30.193Z"}
{"level":"info","message":"Connected to mongodb://localhost/vivideo_tests...","timestamp":"2019-04-16T01:20:30.253Z"}
{"level":"info","message":"Listening on port 3000...","timestamp":"2019-04-16T01:25:57.101Z"}
{"level":"info","message":"Connected to mongodb://localhost/vivideo_tests...","timestamp":"2019-04-16T01:25:57.158Z"}
{"level":"info","message":"Listening on port 3000...","timestamp":"2019-04-16T18:57:35.486Z"}
{"level":"info","message":"Listening on port 3000...","timestamp":"2019-04-16T18:58:53.814Z"}
{"level":"info","message":"Connected to mongodb://localhost/vivideo_tests...","timestamp":"2019-04-16T18:58:53.859Z"}
{"level":"info","message":"Listening on port 3000...","timestamp":"2019-04-16T21:50:07.584Z"}
{"level":"info","message":"Connected to mongodb://localhost/vivideo_tests...","timestamp":"2019-04-16T21:50:07.643Z"}
{"level":"info","message":"Listening on port 3000...","timestamp":"2019-04-16T21:54:01.397Z"}
{"level":"info","message":"Connected to mongodb://localhost/vivideo_tests...","timestamp":"2019-04-16T21:54:01.454Z"}
{"level":"info","message":"Listening on port 3000...","timestamp":"2019-04-16T21:54:36.690Z"}
{"level":"info","message":"Connected to mongodb://localhost/vivideo_tests...","timestamp":"2019-04-16T21:54:36.752Z"}
{"level":"info","message":"Listening on port 3000...","timestamp":"2019-04-16T21:55:01.211Z"}
{"level":"info","message":"Connected to mongodb://localhost/vivideo_tests...","timestamp":"2019-04-16T21:55:01.272Z"}
{"level":"info","message":"Listening on port 3000...","timestamp":"2019-04-16T21:55:38.762Z"}
{"level":"info","message":"Connected to mongodb://localhost/vivideo_tests...","timestamp":"2019-04-16T21:55:38.822Z"}
{"level":"info","message":"Listening on port 3000...","timestamp":"2019-04-16T21:55:54.152Z"}
{"level":"info","message":"Connected to mongodb://localhost/vivideo_tests...","timestamp":"2019-04-16T21:55:54.219Z"}
{"level":"info","message":"Listening on port 3000...","timestamp":"2019-04-16T21:56:41.832Z"}
{"level":"info","message":"Connected to mongodb://localhost/vivideo_tests...","timestamp":"2019-04-16T21:56:41.888Z"}
{"level":"info","message":"Listening on port 3000...","timestamp":"2019-04-16T22:12:44.120Z"}
{"level":"info","message":"Connected to mongodb://localhost/vivideo_tests...","timestamp":"2019-04-16T22:12:44.187Z"}
{"level":"info","message":"Listening on port 3000...","timestamp":"2019-04-16T22:15:39.790Z"}
{"level":"info","message":"Connected to mongodb://localhost/vivideo_tests...","timestamp":"2019-04-16T22:15:39.833Z"}
{"level":"info","message":"Listening on port 3000...","timestamp":"2019-04-16T22:16:18.146Z"}
{"level":"info","message":"Connected to mongodb://localhost/vivideo_tests...","timestamp":"2019-04-16T22:16:18.204Z"}
{"level":"info","message":"Listening on port 3000...","timestamp":"2019-04-16T22:16:41.032Z"}
{"level":"info","message":"Connected to mongodb://localhost/vivideo_tests...","timestamp":"2019-04-16T22:16:41.094Z"}
{"level":"info","message":"Listening on port 3000...","timestamp":"2019-04-16T22:19:45.497Z"}
{"level":"info","message":"Connected to mongodb://localhost/vivideo_tests...","timestamp":"2019-04-16T22:19:45.554Z"}
{"level":"info","message":"Listening on port 3000...","timestamp":"2019-04-16T22:20:21.956Z"}
{"level":"info","message":"Connected to mongodb://localhost/vivideo_tests...","timestamp":"2019-04-16T22:20:22.015Z"}
{"level":"info","message":"Listening on port 3000...","timestamp":"2019-04-16T22:22:18.864Z"}
{"level":"info","message":"Connected to mongodb://localhost/vivideo_tests...","timestamp":"2019-04-16T22:22:18.920Z"}
{"level":"info","message":"Listening on port 3000...","timestamp":"2019-04-16T22:24:31.652Z"}
{"level":"info","message":"Connected to mongodb://localhost/vivideo_tests...","timestamp":"2019-04-16T22:24:31.717Z"}
{"level":"info","message":"Listening on port 3000...","timestamp":"2019-04-16T22:25:14.052Z"}
{"level":"info","message":"Connected to mongodb://localhost/vivideo_tests...","timestamp":"2019-04-16T22:25:14.108Z"}
{"level":"info","message":"Listening on port 3000...","timestamp":"2019-04-16T22:25:42.069Z"}
{"level":"info","message":"Connected to mongodb://localhost/vivideo_tests...","timestamp":"2019-04-16T22:25:42.131Z"}
{"level":"info","message":"Listening on port 3000...","timestamp":"2019-04-16T22:27:49.646Z"}
{"level":"info","message":"Connected to mongodb://localhost/vivideo_tests...","timestamp":"2019-04-16T22:27:49.702Z"}
{"level":"info","message":"Listening on port 3000...","timestamp":"2019-04-16T22:27:56.667Z"}
{"level":"info","message":"Connected to mongodb://localhost/vivideo_tests...","timestamp":"2019-04-16T22:27:56.730Z"}
{"level":"info","message":"Listening on port 3000...","timestamp":"2019-04-16T22:29:23.884Z"}
{"level":"info","message":"Connected to mongodb://localhost/vivideo_tests...","timestamp":"2019-04-16T22:29:23.945Z"}
{"level":"info","message":"Listening on port 3000...","timestamp":"2019-04-16T22:30:44.015Z"}
{"level":"info","message":"Connected to mongodb://localhost/vivideo_tests...","timestamp":"2019-04-16T22:30:44.070Z"}
{"level":"info","message":"Listening on port 3000...","timestamp":"2019-04-16T22:43:21.504Z"}
{"level":"info","message":"Connected to mongodb://localhost/vivideo_tests...","timestamp":"2019-04-16T22:43:21.564Z"}
{"level":"info","message":"Listening on port 3000...","timestamp":"2019-04-16T22:44:56.628Z"}
{"level":"info","message":"Connected to mongodb://localhost/vivideo_tests...","timestamp":"2019-04-16T22:44:56.691Z"}
{"level":"info","message":"Listening on port 3000...","timestamp":"2019-04-16T22:46:04.350Z"}
{"level":"info","message":"Connected to mongodb://localhost/vivideo_tests...","timestamp":"2019-04-16T22:46:04.406Z"}
{"level":"info","message":"Listening on port 3000...","timestamp":"2019-04-17T23:00:04.165Z"}
{"level":"info","message":"Connected to mongodb://localhost/vivideo_tests...","timestamp":"2019-04-17T23:00:04.218Z"}
{"level":"info","message":"Listening on port 3000...","timestamp":"2019-04-17T23:09:43.085Z"}
{"level":"info","message":"Connected to mongodb://localhost/vivideo_tests...","timestamp":"2019-04-17T23:09:43.128Z"}
{"level":"info","message":"Listening on port 3000...","timestamp":"2019-04-17T23:16:24.601Z"}
{"level":"info","message":"Connected to mongodb://localhost/vivideo_tests...","timestamp":"2019-04-17T23:16:24.643Z"}
{"level":"info","message":"Listening on port 3000...","timestamp":"2019-04-17T23:16:51.196Z"}
{"level":"info","message":"Connected to mongodb://localhost/vivideo_tests...","timestamp":"2019-04-17T23:16:51.248Z"}
{"level":"info","message":"Listening on port 3000...","timestamp":"2019-04-17T23:18:26.109Z"}
{"level":"info","message":"Connected to mongodb://localhost/vivideo_tests...","timestamp":"2019-04-17T23:18:26.141Z"}
{"level":"info","message":"Listening on port 3000...","timestamp":"2019-04-17T23:18:54.358Z"}
{"level":"info","message":"Connected to mongodb://localhost/vivideo_tests...","timestamp":"2019-04-17T23:18:54.390Z"}
{"level":"info","message":"Listening on port 3000...","timestamp":"2019-04-17T23:19:17.787Z"}
{"level":"info","message":"Connected to mongodb://localhost/vivideo_tests...","timestamp":"2019-04-17T23:19:17.819Z"}
{"level":"info","message":"Listening on port 3000...","timestamp":"2019-04-17T23:19:52.084Z"}
{"level":"info","message":"Connected to mongodb://localhost/vivideo_tests...","timestamp":"2019-04-17T23:19:52.127Z"}
{"level":"info","message":"Listening on port 3000...","timestamp":"2019-04-17T23:21:53.015Z"}
{"level":"info","message":"Connected to mongodb://localhost/vivideo_tests...","timestamp":"2019-04-17T23:21:53.074Z"}
{"level":"info","message":"Listening on port 3000...","timestamp":"2019-04-17T23:39:08.195Z"}
{"level":"info","message":"Connected to mongodb://localhost/vivideo_tests...","timestamp":"2019-04-17T23:39:08.237Z"}
{"level":"info","message":"Listening on port 3000...","timestamp":"2019-04-17T23:39:54.990Z"}
{"level":"info","message":"Connected to mongodb://localhost/vivideo_tests...","timestamp":"2019-04-17T23:39:55.047Z"}
{"level":"info","message":"Listening on port 3000...","timestamp":"2019-04-17T23:41:14.106Z"}
{"level":"info","message":"Connected to mongodb://localhost/vivideo_tests...","timestamp":"2019-04-17T23:41:14.151Z"}
{"level":"info","message":"Listening on port 3000...","timestamp":"2019-04-17T23:44:19.665Z"}
{"level":"info","message":"Connected to mongodb://localhost/vivideo_tests...","timestamp":"2019-04-17T23:44:19.712Z"}
{"level":"info","message":"Listening on port 3000...","timestamp":"2019-04-17T23:46:59.685Z"}
{"level":"info","message":"Connected to mongodb://localhost/vivideo_tests...","timestamp":"2019-04-17T23:46:59.736Z"}
{"level":"info","message":"Listening on port 3000...","timestamp":"2019-04-17T23:47:45.079Z"}
{"level":"info","message":"Connected to mongodb://localhost/vivideo_tests...","timestamp":"2019-04-17T23:47:45.143Z"}
{"level":"info","message":"Listening on port 3000...","timestamp":"2019-04-17T23:48:07.410Z"}
{"level":"info","message":"Connected to mongodb://localhost/vivideo_tests...","timestamp":"2019-04-17T23:48:07.473Z"}
{"level":"info","message":"Listening on port 3000...","timestamp":"2019-04-17T23:49:44.248Z"}
{"level":"info","message":"Connected to mongodb://localhost/vivideo_tests...","timestamp":"2019-04-17T23:49:44.304Z"}
{"level":"info","message":"Listening on port 3000...","timestamp":"2019-04-17T23:51:19.857Z"}
{"level":"info","message":"Connected to mongodb://localhost/vivideo_tests...","timestamp":"2019-04-17T23:51:19.913Z"}
{"level":"info","message":"Listening on port 3000...","timestamp":"2019-04-17T23:52:12.713Z"}
{"level":"info","message":"Connected to mongodb://localhost/vivideo_tests...","timestamp":"2019-04-17T23:52:12.757Z"}
{"level":"info","message":"Listening on port 3000...","timestamp":"2019-04-18T00:46:46.051Z"}
{"level":"info","message":"Connected to mongodb://localhost/vivideo_tests...","timestamp":"2019-04-18T00:46:46.107Z"}
{"level":"info","message":"Listening on port 3000...","timestamp":"2019-04-18T00:51:06.749Z"}
{"level":"info","message":"Connected to mongodb://localhost/vivideo_tests...","timestamp":"2019-04-18T00:51:06.814Z"}
{"level":"info","message":"Listening on port 3000...","timestamp":"2019-04-18T00:52:23.457Z"}
{"level":"info","message":"Connected to mongodb://localhost/vivideo_tests...","timestamp":"2019-04-18T00:52:23.524Z"}
{"level":"info","message":"Listening on port 3000...","timestamp":"2019-04-18T01:29:32.585Z"}
{"level":"info","message":"Connected to mongodb://localhost/vivideo_tests...","timestamp":"2019-04-18T01:29:32.642Z"}
{"level":"info","message":"Listening on port 3000...","timestamp":"2019-04-18T01:38:15.224Z"}
{"level":"info","message":"Connected to mongodb://localhost/vivideo_tests...","timestamp":"2019-04-18T01:38:15.287Z"}
{"level":"info","message":"Listening on port 3000...","timestamp":"2019-04-18T01:40:30.734Z"}
{"level":"info","message":"Connected to mongodb://localhost/vivideo_tests...","timestamp":"2019-04-18T01:40:30.790Z"}
{"level":"info","message":"Listening on port 3000...","timestamp":"2019-04-18T01:41:27.400Z"}
{"level":"info","message":"Connected to mongodb://localhost/vivideo_tests...","timestamp":"2019-04-18T01:41:27.461Z"}
{"level":"info","message":"Listening on port 3000...","timestamp":"2019-04-18T01:41:54.535Z"}
{"level":"info","message":"Connected to mongodb://localhost/vivideo_tests...","timestamp":"2019-04-18T01:41:54.598Z"}
{"message":"Genre validation failed: name: Path `name` (`aaaaaaaaaaaaaaaaaaaaaaaaaaaaaaaaaaaaaaaaaaaaaaaaaaa`) is longer than the maximum allowed length (50).","errors":{"name":{"message":"Path `name` (`aaaaaaaaaaaaaaaaaaaaaaaaaaaaaaaaaaaaaaaaaaaaaaaaaaa`) is longer than the maximum allowed length (50).","name":"ValidatorError","properties":{"message":"Path `name` (`aaaaaaaaaaaaaaaaaaaaaaaaaaaaaaaaaaaaaaaaaaaaaaaaaaa`) is longer than the maximum allowed length (50).","type":"maxlength","maxlength":50,"path":"name","value":"aaaaaaaaaaaaaaaaaaaaaaaaaaaaaaaaaaaaaaaaaaaaaaaaaaa"},"kind":"maxlength","path":"name","value":"aaaaaaaaaaaaaaaaaaaaaaaaaaaaaaaaaaaaaaaaaaaaaaaaaaa"}},"_message":"Genre validation failed","stack":"ValidationError: Genre validation failed: name: Path `name` (`aaaaaaaaaaaaaaaaaaaaaaaaaaaaaaaaaaaaaaaaaaaaaaaaaaa`) is longer than the maximum allowed length (50).\n    at new ValidationError (/Users/ariozone/code/vivideo-api/node_modules/mongoose/lib/error/validation.js:30:11)\n    at model.Object.<anonymous>.Document.invalidate (/Users/ariozone/code/vivideo-api/node_modules/mongoose/lib/document.js:2095:32)\n    at p.doValidate.skipSchemaValidators (/Users/ariozone/code/vivideo-api/node_modules/mongoose/lib/document.js:1958:17)\n    at /Users/ariozone/code/vivideo-api/node_modules/mongoose/lib/schematype.js:933:9\n    at process._tickCallback (internal/process/next_tick.js:61:11)","name":"ValidationError","level":"error","timestamp":"2019-04-18T01:41:54.681Z"}
{"level":"info","message":"Listening on port 3000...","timestamp":"2019-04-18T01:43:39.158Z"}
{"level":"info","message":"Connected to mongodb://localhost/vivideo_tests...","timestamp":"2019-04-18T01:43:39.216Z"}
{"level":"info","message":"Listening on port 3000...","timestamp":"2019-04-18T01:55:05.326Z"}
{"level":"info","message":"Connected to mongodb://localhost/vivideo_tests...","timestamp":"2019-04-18T01:55:05.392Z"}
{"level":"info","message":"Listening on port 3000...","timestamp":"2019-04-18T01:55:54.672Z"}
{"level":"info","message":"Connected to mongodb://localhost/vivideo_tests...","timestamp":"2019-04-18T01:55:54.728Z"}
{"level":"info","message":"Listening on port 3000...","timestamp":"2019-04-18T20:59:27.945Z"}
{"level":"info","message":"Connected to mongodb://localhost/vivideo_tests...","timestamp":"2019-04-18T20:59:28.002Z"}
{"level":"info","message":"Listening on port 3000...","timestamp":"2019-04-18T20:59:57.741Z"}
{"level":"info","message":"Connected to mongodb://localhost/vivideo_tests...","timestamp":"2019-04-18T20:59:57.797Z"}
{"level":"info","message":"Listening on port 3000...","timestamp":"2019-04-18T21:05:15.807Z"}
{"level":"info","message":"Connected to mongodb://localhost/vivideo_tests...","timestamp":"2019-04-18T21:05:15.872Z"}
{"level":"info","message":"Listening on port 3000...","timestamp":"2019-04-18T21:06:19.834Z"}
{"level":"info","message":"Connected to mongodb://localhost/vivideo_tests...","timestamp":"2019-04-18T21:06:19.894Z"}
{"level":"info","message":"Listening on port 3000...","timestamp":"2019-04-18T21:07:20.122Z"}
{"level":"info","message":"Connected to mongodb://localhost/vivideo_tests...","timestamp":"2019-04-18T21:07:20.194Z"}
{"level":"info","message":"Listening on port 3000...","timestamp":"2019-04-18T21:15:58.935Z"}
{"level":"info","message":"Connected to mongodb://localhost/vivideo_tests...","timestamp":"2019-04-18T21:15:58.999Z"}
{"level":"info","message":"Listening on port 3000...","timestamp":"2019-04-18T21:19:58.375Z"}
{"level":"info","message":"Connected to mongodb://localhost/vivideo_tests...","timestamp":"2019-04-18T21:19:58.434Z"}
{"level":"info","message":"Listening on port 3000...","timestamp":"2019-04-18T21:20:12.169Z"}
{"level":"info","message":"Connected to mongodb://localhost/vivideo_tests...","timestamp":"2019-04-18T21:20:12.212Z"}
{"level":"info","message":"Listening on port 3000...","timestamp":"2019-04-18T21:24:41.169Z"}
{"level":"info","message":"Connected to mongodb://localhost/vivideo_tests...","timestamp":"2019-04-18T21:24:41.212Z"}
{"level":"info","message":"Listening on port 3000...","timestamp":"2019-04-18T21:30:22.757Z"}
{"level":"info","message":"Connected to mongodb://localhost/vivideo_tests...","timestamp":"2019-04-18T21:30:22.801Z"}
{"level":"info","message":"Listening on port 3000...","timestamp":"2019-04-18T21:43:41.484Z"}
{"level":"info","message":"Connected to mongodb://localhost/vivideo_tests...","timestamp":"2019-04-18T21:43:41.532Z"}
{"level":"info","message":"Listening on port 3000...","timestamp":"2019-04-18T21:43:41.714Z"}
{"level":"info","message":"Connected to mongodb://localhost/vivideo_tests...","timestamp":"2019-04-18T21:43:41.808Z"}
{"level":"info","message":"Listening on port 3000...","timestamp":"2019-04-18T21:46:06.337Z"}
{"level":"info","message":"Connected to mongodb://localhost/vivideo_tests...","timestamp":"2019-04-18T21:46:06.382Z"}
{"level":"info","message":"Listening on port 3000...","timestamp":"2019-04-18T21:46:06.553Z"}
{"level":"info","message":"Connected to mongodb://localhost/vivideo_tests...","timestamp":"2019-04-18T21:46:06.645Z"}
{"level":"info","message":"Listening on port 3000...","timestamp":"2019-04-18T21:48:38.120Z"}
{"level":"info","message":"Connected to mongodb://localhost/vivideo_tests...","timestamp":"2019-04-18T21:48:38.164Z"}
{"level":"info","message":"Listening on port 3000...","timestamp":"2019-04-18T21:49:19.654Z"}
{"level":"info","message":"Connected to mongodb://localhost/vivideo_tests...","timestamp":"2019-04-18T21:49:19.699Z"}
{"level":"info","message":"Listening on port 3000...","timestamp":"2019-04-18T21:52:02.563Z"}
{"level":"info","message":"Connected to mongodb://localhost/vivideo_tests...","timestamp":"2019-04-18T21:52:02.607Z"}
{"level":"info","message":"Listening on port 3000...","timestamp":"2019-04-18T21:52:02.576Z"}
{"level":"info","message":"Connected to mongodb://localhost/vivideo_tests...","timestamp":"2019-04-18T21:52:02.641Z"}
{"level":"info","message":"Listening on port 3000...","timestamp":"2019-04-18T21:56:07.070Z"}
{"level":"info","message":"Connected to mongodb://localhost/vivideo_tests...","timestamp":"2019-04-18T21:56:07.114Z"}
{"level":"info","message":"Listening on port 3000...","timestamp":"2019-04-18T21:57:11.209Z"}
{"level":"info","message":"Connected to mongodb://localhost/vivideo_tests...","timestamp":"2019-04-18T21:57:11.254Z"}
{"level":"info","message":"Listening on port 3000...","timestamp":"2019-04-18T21:57:11.442Z"}
{"level":"info","message":"Connected to mongodb://localhost/vivideo_tests...","timestamp":"2019-04-18T21:57:11.520Z"}
{"level":"info","message":"Listening on port 3000...","timestamp":"2019-04-18T22:01:16.329Z"}
{"level":"info","message":"Connected to mongodb://localhost/vivideo_tests...","timestamp":"2019-04-18T22:01:16.373Z"}
{"level":"info","message":"Listening on port 3000...","timestamp":"2019-04-18T22:01:16.549Z"}
{"level":"info","message":"Connected to mongodb://localhost/vivideo_tests...","timestamp":"2019-04-18T22:01:16.628Z"}
{"level":"info","message":"Listening on port 3000...","timestamp":"2019-04-18T22:05:03.935Z"}
{"level":"info","message":"Listening on port 3000...","timestamp":"2019-04-18T22:05:03.939Z"}
{"level":"info","message":"Connected to mongodb://localhost/vivideo_tests...","timestamp":"2019-04-18T22:05:03.989Z"}
{"level":"info","message":"Connected to mongodb://localhost/vivideo_tests...","timestamp":"2019-04-18T22:05:03.995Z"}
{"level":"info","message":"Listening on port 3000...","timestamp":"2019-04-18T22:08:53.156Z"}
{"level":"info","message":"Listening on port 3000...","timestamp":"2019-04-18T22:08:53.165Z"}
{"level":"info","message":"Connected to mongodb://localhost/vivideo_tests...","timestamp":"2019-04-18T22:08:53.205Z"}
{"level":"info","message":"Connected to mongodb://localhost/vivideo_tests...","timestamp":"2019-04-18T22:08:53.241Z"}
{"level":"info","message":"Listening on port 3000...","timestamp":"2019-04-18T22:12:27.531Z"}
{"level":"info","message":"Connected to mongodb://localhost/vivideo_tests...","timestamp":"2019-04-18T22:12:27.575Z"}
{"level":"info","message":"Listening on port 3000...","timestamp":"2019-04-18T22:13:26.051Z"}
{"level":"info","message":"Connected to mongodb://localhost/vivideo_tests...","timestamp":"2019-04-18T22:13:26.097Z"}
{"level":"info","message":"Listening on port 3000...","timestamp":"2019-04-18T22:13:26.314Z"}
{"level":"info","message":"Connected to mongodb://localhost/vivideo_tests...","timestamp":"2019-04-18T22:13:26.400Z"}
{"level":"info","message":"Listening on port 3000...","timestamp":"2019-04-18T22:13:45.997Z"}
{"level":"info","message":"Listening on port 3000...","timestamp":"2019-04-18T22:13:46.009Z"}
{"level":"info","message":"Connected to mongodb://localhost/vivideo_tests...","timestamp":"2019-04-18T22:13:46.053Z"}
{"level":"info","message":"Connected to mongodb://localhost/vivideo_tests...","timestamp":"2019-04-18T22:13:46.061Z"}
{"level":"info","message":"Listening on port 3000...","timestamp":"2019-04-18T22:14:06.886Z"}
{"level":"info","message":"Listening on port 3000...","timestamp":"2019-04-18T22:14:06.915Z"}
{"level":"info","message":"Connected to mongodb://localhost/vivideo_tests...","timestamp":"2019-04-18T22:14:06.930Z"}
{"level":"info","message":"Connected to mongodb://localhost/vivideo_tests...","timestamp":"2019-04-18T22:14:06.958Z"}
{"level":"info","message":"Listening on port 3000...","timestamp":"2019-04-18T22:15:51.546Z"}
{"level":"info","message":"Listening on port 3000...","timestamp":"2019-04-18T22:15:51.548Z"}
{"level":"info","message":"Connected to mongodb://localhost/vivideo_tests...","timestamp":"2019-04-18T22:15:51.602Z"}
{"level":"info","message":"Connected to mongodb://localhost/vivideo_tests...","timestamp":"2019-04-18T22:15:51.608Z"}
{"level":"info","message":"Listening on port 3000...","timestamp":"2019-04-18T22:18:48.027Z"}
{"level":"info","message":"Listening on port 3000...","timestamp":"2019-04-18T22:18:48.044Z"}
{"level":"info","message":"Connected to mongodb://localhost/vivideo_tests...","timestamp":"2019-04-18T22:18:48.071Z"}
{"level":"info","message":"Connected to mongodb://localhost/vivideo_tests...","timestamp":"2019-04-18T22:18:48.087Z"}
{"level":"info","message":"Listening on port 3000...","timestamp":"2019-04-18T22:22:26.120Z"}
{"level":"info","message":"Listening on port 3000...","timestamp":"2019-04-18T22:22:26.141Z"}
{"level":"info","message":"Connected to mongodb://localhost/vivideo_tests...","timestamp":"2019-04-18T22:22:26.177Z"}
{"level":"info","message":"Connected to mongodb://localhost/vivideo_tests...","timestamp":"2019-04-18T22:22:26.193Z"}
{"level":"info","message":"Listening on port 3000...","timestamp":"2019-04-18T22:23:13.334Z"}
{"level":"info","message":"Listening on port 3000...","timestamp":"2019-04-18T22:23:13.341Z"}
{"level":"info","message":"Connected to mongodb://localhost/vivideo_tests...","timestamp":"2019-04-18T22:23:13.389Z"}
{"level":"info","message":"Connected to mongodb://localhost/vivideo_tests...","timestamp":"2019-04-18T22:23:13.390Z"}
{"level":"info","message":"Listening on port 3000...","timestamp":"2019-04-18T22:27:06.434Z"}
{"level":"info","message":"Connected to mongodb://localhost/vivideo_tests...","timestamp":"2019-04-18T22:27:06.480Z"}
{"level":"info","message":"Listening on port 3000...","timestamp":"2019-04-18T22:27:06.658Z"}
{"level":"info","message":"Connected to mongodb://localhost/vivideo_tests...","timestamp":"2019-04-18T22:27:06.742Z"}
{"level":"info","message":"Listening on port 3000...","timestamp":"2019-04-18T22:27:40.811Z"}
{"level":"info","message":"Connected to mongodb://localhost/vivideo_tests...","timestamp":"2019-04-18T22:27:40.856Z"}
{"level":"info","message":"Listening on port 3000...","timestamp":"2019-04-18T22:27:41.060Z"}
{"level":"info","message":"Connected to mongodb://localhost/vivideo_tests...","timestamp":"2019-04-18T22:27:41.135Z"}
{"level":"info","message":"Listening on port 3000...","timestamp":"2019-04-18T22:29:19.902Z"}
{"level":"info","message":"Listening on port 3000...","timestamp":"2019-04-18T22:29:19.919Z"}
{"level":"info","message":"Connected to mongodb://localhost/vivideo_tests...","timestamp":"2019-04-18T22:29:19.979Z"}
{"level":"info","message":"Connected to mongodb://localhost/vivideo_tests...","timestamp":"2019-04-18T22:29:20.026Z"}
{"level":"info","message":"Listening on port 3000...","timestamp":"2019-04-18T22:29:44.250Z"}
{"level":"info","message":"Connected to mongodb://localhost/vivideo_tests...","timestamp":"2019-04-18T22:29:44.295Z"}
{"level":"info","message":"Listening on port 3000...","timestamp":"2019-04-18T22:29:44.462Z"}
{"level":"info","message":"Connected to mongodb://localhost/vivideo_tests...","timestamp":"2019-04-18T22:29:44.539Z"}
{"level":"info","message":"Listening on port 3000...","timestamp":"2019-04-18T22:29:51.360Z"}
{"level":"info","message":"Listening on port 3000...","timestamp":"2019-04-18T22:29:51.393Z"}
{"level":"info","message":"Connected to mongodb://localhost/vivideo_tests...","timestamp":"2019-04-18T22:29:51.420Z"}
{"level":"info","message":"Connected to mongodb://localhost/vivideo_tests...","timestamp":"2019-04-18T22:29:51.445Z"}
{"level":"info","message":"Listening on port 3000...","timestamp":"2019-04-18T22:29:58.589Z"}
{"level":"info","message":"Listening on port 3000...","timestamp":"2019-04-18T22:29:58.617Z"}
{"level":"info","message":"Connected to mongodb://localhost/vivideo_tests...","timestamp":"2019-04-18T22:29:58.647Z"}
{"level":"info","message":"Connected to mongodb://localhost/vivideo_tests...","timestamp":"2019-04-18T22:29:58.669Z"}
{"level":"info","message":"Listening on port 3000...","timestamp":"2019-04-18T22:30:06.169Z"}
{"level":"info","message":"Listening on port 3000...","timestamp":"2019-04-18T22:30:06.185Z"}
{"level":"info","message":"Connected to mongodb://localhost/vivideo_tests...","timestamp":"2019-04-18T22:30:06.229Z"}
{"level":"info","message":"Connected to mongodb://localhost/vivideo_tests...","timestamp":"2019-04-18T22:30:06.241Z"}
{"level":"info","message":"Listening on port 3000...","timestamp":"2019-04-18T22:30:21.813Z"}
{"level":"info","message":"Connected to mongodb://localhost/vivideo_tests...","timestamp":"2019-04-18T22:30:21.859Z"}
{"level":"info","message":"Listening on port 3000...","timestamp":"2019-04-18T22:30:22.014Z"}
{"level":"info","message":"Connected to mongodb://localhost/vivideo_tests...","timestamp":"2019-04-18T22:30:22.094Z"}
{"level":"info","message":"Listening on port 3000...","timestamp":"2019-04-18T22:30:42.651Z"}
{"level":"info","message":"Connected to mongodb://localhost/vivideo_tests...","timestamp":"2019-04-18T22:30:42.696Z"}
{"level":"info","message":"Listening on port 3000...","timestamp":"2019-04-18T22:30:42.869Z"}
{"level":"info","message":"Connected to mongodb://localhost/vivideo_tests...","timestamp":"2019-04-18T22:30:42.947Z"}
{"level":"info","message":"Listening on port 3000...","timestamp":"2019-04-20T00:08:20.276Z"}
{"level":"info","message":"Listening on port 3000...","timestamp":"2019-04-20T00:08:20.279Z"}
{"level":"info","message":"Connected to mongodb://localhost/vivideo_tests...","timestamp":"2019-04-20T00:08:20.526Z"}
{"level":"info","message":"Connected to mongodb://localhost/vivideo_tests...","timestamp":"2019-04-20T00:08:20.789Z"}
{"level":"info","message":"Listening on port 3000...","timestamp":"2019-04-20T00:08:59.133Z"}
{"level":"info","message":"Listening on port 3000...","timestamp":"2019-04-20T00:08:59.138Z"}
{"level":"info","message":"Connected to mongodb://localhost/vivideo_tests...","timestamp":"2019-04-20T00:08:59.186Z"}
{"level":"info","message":"Connected to mongodb://localhost/vivideo_tests...","timestamp":"2019-04-20T00:08:59.194Z"}
{"level":"info","message":"Listening on port 3000...","timestamp":"2019-04-20T00:39:35.624Z"}
{"level":"info","message":"Listening on port 3000...","timestamp":"2019-04-20T00:39:35.662Z"}
{"level":"info","message":"Connected to mongodb://localhost/vivideo_tests...","timestamp":"2019-04-20T00:39:35.684Z"}
{"level":"info","message":"Connected to mongodb://localhost/vivideo_tests...","timestamp":"2019-04-20T00:39:35.715Z"}
{"level":"info","message":"Listening on port 3000...","timestamp":"2019-04-20T00:40:11.101Z"}
{"level":"info","message":"Listening on port 3000...","timestamp":"2019-04-20T00:40:11.120Z"}
{"level":"info","message":"Connected to mongodb://localhost/vivideo_tests...","timestamp":"2019-04-20T00:40:11.158Z"}
{"level":"info","message":"Connected to mongodb://localhost/vivideo_tests...","timestamp":"2019-04-20T00:40:11.172Z"}
{"level":"info","message":"Listening on port 3000...","timestamp":"2019-04-20T00:48:19.501Z"}
{"level":"info","message":"Listening on port 3000...","timestamp":"2019-04-20T00:48:19.528Z"}
{"level":"info","message":"Connected to mongodb://localhost/vivideo_tests...","timestamp":"2019-04-20T00:48:19.558Z"}
{"level":"info","message":"Connected to mongodb://localhost/vivideo_tests...","timestamp":"2019-04-20T00:48:19.580Z"}
{"level":"info","message":"Listening on port 3000...","timestamp":"2019-04-20T00:51:13.968Z"}
{"level":"info","message":"Listening on port 3000...","timestamp":"2019-04-20T00:51:13.974Z"}
{"level":"info","message":"Connected to mongodb://localhost/vivideo_tests...","timestamp":"2019-04-20T00:51:14.028Z"}
{"level":"info","message":"Connected to mongodb://localhost/vivideo_tests...","timestamp":"2019-04-20T00:51:14.036Z"}
{"level":"info","message":"Listening on port 3000...","timestamp":"2019-04-20T00:51:47.580Z"}
{"level":"info","message":"Listening on port 3000...","timestamp":"2019-04-20T00:51:47.590Z"}
{"level":"info","message":"Connected to mongodb://localhost/vivideo_tests...","timestamp":"2019-04-20T00:51:47.637Z"}
{"level":"info","message":"Connected to mongodb://localhost/vivideo_tests...","timestamp":"2019-04-20T00:51:47.638Z"}
{"level":"info","message":"Listening on port 3000...","timestamp":"2019-04-20T00:52:24.666Z"}
{"level":"info","message":"Listening on port 3000...","timestamp":"2019-04-20T00:52:24.693Z"}
{"level":"info","message":"Connected to mongodb://localhost/vivideo_tests...","timestamp":"2019-04-20T00:52:24.732Z"}
{"level":"info","message":"Connected to mongodb://localhost/vivideo_tests...","timestamp":"2019-04-20T00:52:24.751Z"}
{"level":"info","message":"Listening on port 3000...","timestamp":"2019-04-20T00:53:45.301Z"}
{"level":"info","message":"Listening on port 3000...","timestamp":"2019-04-20T00:53:45.304Z"}
{"level":"info","message":"Connected to mongodb://localhost/vivideo_tests...","timestamp":"2019-04-20T00:53:45.336Z"}
{"level":"info","message":"Connected to mongodb://localhost/vivideo_tests...","timestamp":"2019-04-20T00:53:45.358Z"}
{"level":"info","message":"Listening on port 3000...","timestamp":"2019-04-20T01:04:50.131Z"}
{"level":"info","message":"Listening on port 3000...","timestamp":"2019-04-20T01:04:50.138Z"}
{"level":"info","message":"Connected to mongodb://localhost/vivideo_tests...","timestamp":"2019-04-20T01:04:50.164Z"}
{"level":"info","message":"Connected to mongodb://localhost/vivideo_tests...","timestamp":"2019-04-20T01:04:50.191Z"}
{"level":"info","message":"Listening on port 3000...","timestamp":"2019-04-20T01:14:54.438Z"}
{"level":"info","message":"Listening on port 3000...","timestamp":"2019-04-20T01:14:54.451Z"}
{"level":"info","message":"Connected to mongodb://localhost/vivideo_tests...","timestamp":"2019-04-20T01:14:54.484Z"}
{"level":"info","message":"Connected to mongodb://localhost/vivideo_tests...","timestamp":"2019-04-20T01:14:54.490Z"}
{"level":"info","message":"Listening on port 3000...","timestamp":"2019-04-20T01:18:48.204Z"}
{"level":"info","message":"Listening on port 3000...","timestamp":"2019-04-20T01:18:48.210Z"}
{"level":"info","message":"Connected to mongodb://localhost/vivideo_tests...","timestamp":"2019-04-20T01:18:48.247Z"}
{"level":"info","message":"Connected to mongodb://localhost/vivideo_tests...","timestamp":"2019-04-20T01:18:48.251Z"}
{"level":"info","message":"Listening on port 3000...","timestamp":"2019-04-20T01:24:01.225Z"}
{"level":"info","message":"Listening on port 3000...","timestamp":"2019-04-20T01:24:01.241Z"}
{"level":"info","message":"Connected to mongodb://localhost/vivideo_tests...","timestamp":"2019-04-20T01:24:01.265Z"}
{"level":"info","message":"Connected to mongodb://localhost/vivideo_tests...","timestamp":"2019-04-20T01:24:01.300Z"}
{"level":"info","message":"Listening on port 3000...","timestamp":"2019-04-20T01:25:03.719Z"}
{"level":"info","message":"Listening on port 3000...","timestamp":"2019-04-20T01:25:03.727Z"}
{"level":"info","message":"Connected to mongodb://localhost/vivideo_tests...","timestamp":"2019-04-20T01:25:03.798Z"}
{"level":"info","message":"Connected to mongodb://localhost/vivideo_tests...","timestamp":"2019-04-20T01:25:03.805Z"}
{"level":"info","message":"Listening on port 3000...","timestamp":"2019-04-20T01:34:44.810Z"}
{"level":"info","message":"Listening on port 3000...","timestamp":"2019-04-20T01:34:44.830Z"}
{"level":"info","message":"Connected to mongodb://localhost/vivideo_tests...","timestamp":"2019-04-20T01:34:44.867Z"}
{"level":"info","message":"Connected to mongodb://localhost/vivideo_tests...","timestamp":"2019-04-20T01:34:44.883Z"}
{"level":"info","message":"Listening on port 3000...","timestamp":"2019-04-20T01:40:45.579Z"}
{"level":"info","message":"Listening on port 3000...","timestamp":"2019-04-20T01:40:45.584Z"}
{"level":"info","message":"Listening on port 3000...","timestamp":"2019-04-20T01:43:31.825Z"}
{"level":"info","message":"Listening on port 3000...","timestamp":"2019-04-20T01:43:31.841Z"}
{"level":"info","message":"Connected to mongodb://localhost/vivideo_tests...","timestamp":"2019-04-20T01:43:31.870Z"}
{"level":"info","message":"Connected to mongodb://localhost/vivideo_tests...","timestamp":"2019-04-20T01:43:31.905Z"}
{"level":"info","message":"Listening on port 3000...","timestamp":"2019-04-20T01:46:54.681Z"}
{"level":"info","message":"Listening on port 3000...","timestamp":"2019-04-20T01:46:54.698Z"}
{"level":"info","message":"Connected to mongodb://localhost/vivideo_tests...","timestamp":"2019-04-20T01:46:54.745Z"}
{"level":"info","message":"Connected to mongodb://localhost/vivideo_tests...","timestamp":"2019-04-20T01:46:54.787Z"}
{"level":"info","message":"Listening on port 3000...","timestamp":"2019-04-20T01:47:03.880Z"}
{"level":"info","message":"Listening on port 3000...","timestamp":"2019-04-20T01:47:03.907Z"}
{"level":"info","message":"Connected to mongodb://localhost/vivideo_tests...","timestamp":"2019-04-20T01:47:03.961Z"}
{"level":"info","message":"Connected to mongodb://localhost/vivideo_tests...","timestamp":"2019-04-20T01:47:03.981Z"}
{"level":"info","message":"Listening on port 3000...","timestamp":"2019-04-20T01:49:10.333Z"}
{"level":"info","message":"Connected to mongodb://localhost/vivideo...","timestamp":"2019-04-20T01:49:10.371Z"}
{"level":"info","message":"Listening on port 3000...","timestamp":"2019-04-20T01:50:39.810Z"}
{"level":"info","message":"Connected to mongodb://localhost/vivideo...","timestamp":"2019-04-20T01:50:39.859Z"}
{"level":"info","message":"Listening on port 3000...","timestamp":"2019-04-20T01:50:55.910Z"}
{"level":"info","message":"Listening on port 3000...","timestamp":"2019-04-20T01:50:55.917Z"}
{"level":"info","message":"Connected to mongodb://localhost/vivideo_tests...","timestamp":"2019-04-20T01:50:55.969Z"}
{"level":"info","message":"Connected to mongodb://localhost/vivideo_tests...","timestamp":"2019-04-20T01:50:55.972Z"}
{"level":"info","message":"Listening on port 3000...","timestamp":"2019-04-20T01:55:36.195Z"}
{"level":"info","message":"Listening on port 3000...","timestamp":"2019-04-20T01:55:36.198Z"}
{"level":"info","message":"Connected to mongodb://localhost/vivideo_tests...","timestamp":"2019-04-20T01:55:36.248Z"}
{"level":"info","message":"Connected to mongodb://localhost/vivideo_tests...","timestamp":"2019-04-20T01:55:36.254Z"}
{"level":"info","message":"Listening on port 3000...","timestamp":"2019-04-20T01:56:09.800Z"}
{"level":"info","message":"Listening on port 3000...","timestamp":"2019-04-20T01:56:09.830Z"}
{"level":"info","message":"Connected to mongodb://localhost/vivideo_tests...","timestamp":"2019-04-20T01:56:09.857Z"}
{"level":"info","message":"Connected to mongodb://localhost/vivideo_tests...","timestamp":"2019-04-20T01:56:09.887Z"}
{"level":"info","message":"Listening on port 3000...","timestamp":"2019-04-20T01:57:26.236Z"}
{"level":"info","message":"Listening on port 3000...","timestamp":"2019-04-20T01:57:26.257Z"}
{"level":"info","message":"Connected to mongodb://localhost/vivideo_tests...","timestamp":"2019-04-20T01:57:26.281Z"}
{"level":"info","message":"Connected to mongodb://localhost/vivideo_tests...","timestamp":"2019-04-20T01:57:26.324Z"}
{"level":"info","message":"Listening on port 3000...","timestamp":"2019-04-20T01:58:34.843Z"}
{"level":"info","message":"Connected to mongodb://localhost/vivideo_tests...","timestamp":"2019-04-20T01:58:34.906Z"}
{"level":"info","message":"Listening on port 3000...","timestamp":"2019-04-20T01:58:34.887Z"}
{"level":"info","message":"Connected to mongodb://localhost/vivideo_tests...","timestamp":"2019-04-20T01:58:34.952Z"}
{"level":"info","message":"Listening on port 3000...","timestamp":"2019-04-20T02:01:37.708Z"}
{"level":"info","message":"Connected to mongodb://localhost/vivideo_tests...","timestamp":"2019-04-20T02:01:37.791Z"}
{"level":"info","message":"Listening on port 3000...","timestamp":"2019-04-20T02:01:37.813Z"}
{"level":"info","message":"Connected to mongodb://localhost/vivideo_tests...","timestamp":"2019-04-20T02:01:37.884Z"}
{"level":"info","message":"Listening on port 3000...","timestamp":"2019-04-20T02:02:40.695Z"}
{"level":"info","message":"Connected to mongodb://localhost/vivideo_tests...","timestamp":"2019-04-20T02:02:40.751Z"}
{"level":"info","message":"Listening on port 3000...","timestamp":"2019-04-20T02:02:40.942Z"}
{"level":"info","message":"Connected to mongodb://localhost/vivideo_tests...","timestamp":"2019-04-20T02:02:41.027Z"}
{"level":"info","message":"Listening on port 3000...","timestamp":"2019-04-20T02:04:22.580Z"}
{"level":"info","message":"Listening on port 3000...","timestamp":"2019-04-20T02:04:22.598Z"}
{"level":"info","message":"Connected to mongodb://localhost/vivideo_tests...","timestamp":"2019-04-20T02:04:22.660Z"}
{"level":"info","message":"Connected to mongodb://localhost/vivideo_tests...","timestamp":"2019-04-20T02:04:22.714Z"}
{"level":"info","message":"Listening on port 3000...","timestamp":"2019-04-20T02:04:46.284Z"}
{"level":"info","message":"Listening on port 3000...","timestamp":"2019-04-20T02:04:46.300Z"}
{"level":"info","message":"Connected to mongodb://localhost/vivideo_tests...","timestamp":"2019-04-20T02:04:46.340Z"}
{"level":"info","message":"Connected to mongodb://localhost/vivideo_tests...","timestamp":"2019-04-20T02:04:46.389Z"}
{"level":"info","message":"Listening on port 3000...","timestamp":"2019-04-20T02:05:56.917Z"}
{"level":"info","message":"Listening on port 3000...","timestamp":"2019-04-20T02:05:56.932Z"}
{"level":"info","message":"Connected to mongodb://localhost/vivideo_tests...","timestamp":"2019-04-20T02:05:56.977Z"}
{"level":"info","message":"Connected to mongodb://localhost/vivideo_tests...","timestamp":"2019-04-20T02:05:57.019Z"}
{"level":"info","message":"Listening on port 3000...","timestamp":"2019-04-20T02:13:15.629Z"}
{"level":"info","message":"Listening on port 3000...","timestamp":"2019-04-20T02:13:15.638Z"}
{"level":"info","message":"Connected to mongodb://localhost/vivideo_tests...","timestamp":"2019-04-20T02:13:15.685Z"}
{"level":"info","message":"Connected to mongodb://localhost/vivideo_tests...","timestamp":"2019-04-20T02:13:15.722Z"}
{"level":"info","message":"Listening on port 3000...","timestamp":"2019-04-20T02:13:25.835Z"}
{"level":"info","message":"Listening on port 3000...","timestamp":"2019-04-20T02:13:25.868Z"}
{"level":"info","message":"Connected to mongodb://localhost/vivideo_tests...","timestamp":"2019-04-20T02:13:25.911Z"}
{"level":"info","message":"Connected to mongodb://localhost/vivideo_tests...","timestamp":"2019-04-20T02:13:25.935Z"}
{"level":"info","message":"Listening on port 3000...","timestamp":"2019-04-20T02:14:57.397Z"}
{"level":"info","message":"Listening on port 3000...","timestamp":"2019-04-20T02:14:57.414Z"}
{"level":"info","message":"Connected to mongodb://localhost/vivideo_tests...","timestamp":"2019-04-20T02:14:57.502Z"}
{"level":"info","message":"Connected to mongodb://localhost/vivideo_tests...","timestamp":"2019-04-20T02:14:57.518Z"}
{"level":"info","message":"Listening on port 3000...","timestamp":"2019-04-20T02:15:36.386Z"}
{"level":"info","message":"Listening on port 3000...","timestamp":"2019-04-20T02:15:36.440Z"}
{"level":"info","message":"Connected to mongodb://localhost/vivideo_tests...","timestamp":"2019-04-20T02:15:36.484Z"}
{"level":"info","message":"Connected to mongodb://localhost/vivideo_tests...","timestamp":"2019-04-20T02:15:36.513Z"}
{"level":"info","message":"Listening on port 3000...","timestamp":"2019-04-20T02:16:56.248Z"}
{"level":"info","message":"Listening on port 3000...","timestamp":"2019-04-20T02:16:56.263Z"}
{"level":"info","message":"Connected to mongodb://localhost/vivideo_tests...","timestamp":"2019-04-20T02:16:56.305Z"}
{"level":"info","message":"Connected to mongodb://localhost/vivideo_tests...","timestamp":"2019-04-20T02:16:56.308Z"}
{"level":"info","message":"Listening on port 3000...","timestamp":"2019-04-20T02:17:30.855Z"}
{"level":"info","message":"Listening on port 3000...","timestamp":"2019-04-20T02:17:30.892Z"}
{"level":"info","message":"Connected to mongodb://localhost/vivideo_tests...","timestamp":"2019-04-20T02:17:30.915Z"}
{"level":"info","message":"Connected to mongodb://localhost/vivideo_tests...","timestamp":"2019-04-20T02:17:30.951Z"}
{"level":"info","message":"Listening on port 3000...","timestamp":"2019-04-20T02:21:06.692Z"}
{"level":"info","message":"Connected to mongodb://localhost/vivideo_tests...","timestamp":"2019-04-20T02:21:06.739Z"}
{"level":"info","message":"Listening on port 3000...","timestamp":"2019-04-20T02:21:06.915Z"}
{"level":"info","message":"Connected to mongodb://localhost/vivideo_tests...","timestamp":"2019-04-20T02:21:06.984Z"}
{"level":"info","message":"Listening on port 3000...","timestamp":"2019-04-20T02:21:16.142Z"}
{"level":"info","message":"Listening on port 3000...","timestamp":"2019-04-20T02:21:16.162Z"}
{"level":"info","message":"Connected to mongodb://localhost/vivideo_tests...","timestamp":"2019-04-20T02:21:16.212Z"}
{"level":"info","message":"Connected to mongodb://localhost/vivideo_tests...","timestamp":"2019-04-20T02:21:16.226Z"}
{"level":"info","message":"Listening on port 3000...","timestamp":"2019-04-20T02:21:35.125Z"}
{"level":"info","message":"Listening on port 3000...","timestamp":"2019-04-20T02:21:35.160Z"}
{"level":"info","message":"Connected to mongodb://localhost/vivideo_tests...","timestamp":"2019-04-20T02:21:35.181Z"}
{"level":"info","message":"Connected to mongodb://localhost/vivideo_tests...","timestamp":"2019-04-20T02:21:35.243Z"}
{"level":"info","message":"Listening on port 3000...","timestamp":"2019-04-20T02:22:30.833Z"}
{"level":"info","message":"Listening on port 3000...","timestamp":"2019-04-20T02:22:30.843Z"}
{"level":"info","message":"Connected to mongodb://localhost/vivideo_tests...","timestamp":"2019-04-20T02:22:30.895Z"}
{"level":"info","message":"Connected to mongodb://localhost/vivideo_tests...","timestamp":"2019-04-20T02:22:30.906Z"}
{"level":"info","message":"Listening on port 3000...","timestamp":"2019-04-20T03:03:40.462Z"}
{"level":"info","message":"Listening on port 3000...","timestamp":"2019-04-20T03:03:40.481Z"}
{"level":"info","message":"Connected to mongodb://localhost/vivideo_tests...","timestamp":"2019-04-20T03:03:40.563Z"}
{"level":"info","message":"Connected to mongodb://localhost/vivideo_tests...","timestamp":"2019-04-20T03:03:40.564Z"}
{"level":"info","message":"Connected to mongodb://localhost/vivideo_tests...","timestamp":"2019-04-20T03:19:00.804Z"}
{"level":"info","message":"Connected to mongodb://localhost/vivideo_tests...","timestamp":"2019-04-20T03:19:00.813Z"}
{"level":"info","message":"Connected to mongodb://localhost/vivideo_tests...","timestamp":"2019-04-20T03:19:43.246Z"}
{"level":"info","message":"Connected to mongodb://localhost/vivideo_tests...","timestamp":"2019-04-20T03:19:43.524Z"}
{"level":"info","message":"Listening on port 3000...","timestamp":"2019-04-20T03:21:09.037Z"}
{"level":"info","message":"Listening on port 3000...","timestamp":"2019-04-20T03:21:09.065Z"}
{"level":"info","message":"Connected to mongodb://localhost/vivideo_tests...","timestamp":"2019-04-20T03:21:09.115Z"}
{"level":"info","message":"Connected to mongodb://localhost/vivideo_tests...","timestamp":"2019-04-20T03:21:09.134Z"}
{"level":"info","message":"Listening on port 3000...","timestamp":"2019-04-20T03:23:54.523Z"}
{"level":"info","message":"Listening on port 3000...","timestamp":"2019-04-20T03:23:54.526Z"}
{"level":"info","message":"Connected to mongodb://localhost/vivideo_tests...","timestamp":"2019-04-20T03:23:54.582Z"}
{"level":"info","message":"Connected to mongodb://localhost/vivideo_tests...","timestamp":"2019-04-20T03:23:54.592Z"}
{"level":"info","message":"Listening on port 3000...","timestamp":"2019-04-20T03:24:23.772Z"}
{"level":"info","message":"Connected to mongodb://localhost/vivideo_tests...","timestamp":"2019-04-20T03:24:23.837Z"}
{"level":"info","message":"Listening on port 3000...","timestamp":"2019-04-20T03:24:24.197Z"}
{"level":"info","message":"Connected to mongodb://localhost/vivideo_tests...","timestamp":"2019-04-20T03:24:24.216Z"}
{"level":"info","message":"Listening on port 3000...","timestamp":"2019-04-20T03:24:51.380Z"}
{"level":"info","message":"Connected to mongodb://localhost/vivideo_tests...","timestamp":"2019-04-20T03:24:51.402Z"}
{"level":"info","message":"Listening on port 3000...","timestamp":"2019-04-20T03:24:51.801Z"}
{"level":"info","message":"Connected to mongodb://localhost/vivideo_tests...","timestamp":"2019-04-20T03:24:51.833Z"}
{"level":"info","message":"Listening on port 3000...","timestamp":"2019-04-20T03:24:58.828Z"}
{"level":"info","message":"Connected to mongodb://localhost/vivideo_tests...","timestamp":"2019-04-20T03:24:58.841Z"}
{"level":"info","message":"Listening on port 3000...","timestamp":"2019-04-20T03:24:59.112Z"}
{"level":"info","message":"Connected to mongodb://localhost/vivideo_tests...","timestamp":"2019-04-20T03:24:59.132Z"}
{"level":"info","message":"Listening on port 3000...","timestamp":"2019-04-20T03:25:04.911Z"}
{"level":"info","message":"Connected to mongodb://localhost/vivideo_tests...","timestamp":"2019-04-20T03:25:04.924Z"}
{"level":"info","message":"Listening on port 3000...","timestamp":"2019-04-20T03:25:05.279Z"}
{"level":"info","message":"Connected to mongodb://localhost/vivideo_tests...","timestamp":"2019-04-20T03:25:05.296Z"}
{"level":"info","message":"Listening on port 3000...","timestamp":"2019-04-21T23:26:55.118Z"}
{"level":"info","message":"Connected to mongodb://localhost/vivideo_tests...","timestamp":"2019-04-21T23:26:55.135Z"}
{"level":"info","message":"Listening on port 3000...","timestamp":"2019-04-21T23:26:55.425Z"}
{"level":"info","message":"Connected to mongodb://localhost/vivideo_tests...","timestamp":"2019-04-21T23:26:55.444Z"}
{"level":"info","message":"Listening on port 3000...","timestamp":"2019-04-22T00:09:18.676Z"}
{"level":"info","message":"Connected to mongodb://localhost/vivideo_tests...","timestamp":"2019-04-22T00:09:18.695Z"}
{"level":"info","message":"Listening on port 3000...","timestamp":"2019-04-22T00:09:19.032Z"}
{"level":"info","message":"Connected to mongodb://localhost/vivideo_tests...","timestamp":"2019-04-22T00:09:19.048Z"}
{"level":"info","message":"Listening on port 3000...","timestamp":"2019-04-22T00:11:16.815Z"}
{"level":"info","message":"Connected to mongodb://localhost/vivideo_tests...","timestamp":"2019-04-22T00:11:16.831Z"}
{"level":"info","message":"Listening on port 3000...","timestamp":"2019-04-22T00:11:17.157Z"}
{"level":"info","message":"Connected to mongodb://localhost/vivideo_tests...","timestamp":"2019-04-22T00:11:17.188Z"}
{"level":"info","message":"Listening on port 3000...","timestamp":"2019-04-22T00:12:18.900Z"}
{"level":"info","message":"Connected to mongodb://localhost/vivideo_tests...","timestamp":"2019-04-22T00:12:18.914Z"}
{"level":"info","message":"Listening on port 3000...","timestamp":"2019-04-22T00:12:19.300Z"}
{"level":"info","message":"Connected to mongodb://localhost/vivideo_tests...","timestamp":"2019-04-22T00:12:19.315Z"}
{"level":"info","message":"Listening on port 3000...","timestamp":"2019-04-22T21:57:12.335Z"}
{"level":"info","message":"Connected to mongodb://localhost/vivideo_tests...","timestamp":"2019-04-22T21:57:12.383Z"}
{"level":"info","message":"Listening on port 3000...","timestamp":"2019-04-22T21:57:12.741Z"}
{"level":"info","message":"Connected to mongodb://localhost/vivideo_tests...","timestamp":"2019-04-22T21:57:12.766Z"}
{"level":"info","message":"Listening on port 3000...","timestamp":"2019-04-22T22:06:11.180Z"}
{"level":"info","message":"Connected to mongodb://localhost/vivideo_tests...","timestamp":"2019-04-22T22:06:11.208Z"}
{"level":"info","message":"Listening on port 3000...","timestamp":"2019-04-22T22:10:39.003Z"}
{"level":"info","message":"Connected to mongodb://localhost/vivideo_tests...","timestamp":"2019-04-22T22:10:39.032Z"}
{"level":"info","message":"Listening on port 3000...","timestamp":"2019-04-22T22:14:36.038Z"}
{"level":"info","message":"Connected to mongodb://localhost/vivideo_tests...","timestamp":"2019-04-22T22:14:36.066Z"}
{"level":"info","message":"Listening on port 3000...","timestamp":"2019-04-22T22:14:36.699Z"}
{"level":"info","message":"Connected to mongodb://localhost/vivideo_tests...","timestamp":"2019-04-22T22:14:36.709Z"}
{"level":"info","message":"Listening on port 3000...","timestamp":"2019-04-22T22:15:18.787Z"}
{"level":"info","message":"Connected to mongodb://localhost/vivideo_tests...","timestamp":"2019-04-22T22:15:18.804Z"}
{"level":"info","message":"Listening on port 3000...","timestamp":"2019-04-22T22:15:19.154Z"}
{"level":"info","message":"Connected to mongodb://localhost/vivideo_tests...","timestamp":"2019-04-22T22:15:19.178Z"}
{"level":"info","message":"Listening on port 3000...","timestamp":"2019-04-22T22:16:34.259Z"}
{"level":"info","message":"Connected to mongodb://localhost/vivideo_tests...","timestamp":"2019-04-22T22:16:34.272Z"}
{"level":"info","message":"Listening on port 3000...","timestamp":"2019-04-22T22:16:34.619Z"}
{"level":"info","message":"Connected to mongodb://localhost/vivideo_tests...","timestamp":"2019-04-22T22:16:34.632Z"}
{"level":"info","message":"Listening on port 3000...","timestamp":"2019-04-22T22:16:42.756Z"}
{"level":"info","message":"Connected to mongodb://localhost/vivideo_tests...","timestamp":"2019-04-22T22:16:42.767Z"}
{"level":"info","message":"Listening on port 3000...","timestamp":"2019-04-22T22:16:43.111Z"}
{"level":"info","message":"Connected to mongodb://localhost/vivideo_tests...","timestamp":"2019-04-22T22:16:43.127Z"}
{"level":"info","message":"Listening on port 3000...","timestamp":"2019-04-22T22:18:10.135Z"}
{"level":"info","message":"Connected to mongodb://localhost/vivideo_tests...","timestamp":"2019-04-22T22:18:10.147Z"}
{"level":"info","message":"Listening on port 3000...","timestamp":"2019-04-22T22:18:10.481Z"}
{"level":"info","message":"Connected to mongodb://localhost/vivideo_tests...","timestamp":"2019-04-22T22:18:10.506Z"}
{"level":"info","message":"Listening on port 3000...","timestamp":"2019-04-22T22:21:19.116Z"}
{"level":"info","message":"Connected to mongodb://localhost/vivideo_tests...","timestamp":"2019-04-22T22:21:19.130Z"}
{"level":"info","message":"Listening on port 3000...","timestamp":"2019-04-22T22:21:19.414Z"}
{"level":"info","message":"Connected to mongodb://localhost/vivideo_tests...","timestamp":"2019-04-22T22:21:19.426Z"}
{"level":"info","message":"Listening on port 3000...","timestamp":"2019-04-22T22:21:46.646Z"}
{"level":"info","message":"Connected to mongodb://localhost/vivideo_tests...","timestamp":"2019-04-22T22:21:46.657Z"}
{"level":"info","message":"Listening on port 3000...","timestamp":"2019-04-22T22:21:46.988Z"}
{"level":"info","message":"Connected to mongodb://localhost/vivideo_tests...","timestamp":"2019-04-22T22:21:47.014Z"}
{"level":"info","message":"Listening on port 3000...","timestamp":"2019-04-22T22:23:23.535Z"}
{"level":"info","message":"Connected to mongodb://localhost/vivideo_tests...","timestamp":"2019-04-22T22:23:23.546Z"}
{"level":"info","message":"Listening on port 3000...","timestamp":"2019-04-22T22:23:23.839Z"}
{"level":"info","message":"Connected to mongodb://localhost/vivideo_tests...","timestamp":"2019-04-22T22:23:23.849Z"}
{"level":"info","message":"Listening on port 3000...","timestamp":"2019-04-22T22:24:41.001Z"}
{"level":"info","message":"Connected to mongodb://localhost/vivideo_tests...","timestamp":"2019-04-22T22:24:41.013Z"}
{"level":"info","message":"Listening on port 3000...","timestamp":"2019-04-22T22:24:41.379Z"}
{"level":"info","message":"Connected to mongodb://localhost/vivideo_tests...","timestamp":"2019-04-22T22:24:41.404Z"}
{"level":"info","message":"Listening on port 3000...","timestamp":"2019-04-22T22:31:27.222Z"}
{"level":"info","message":"Connected to mongodb://localhost/vivideo_tests...","timestamp":"2019-04-22T22:31:27.233Z"}
{"level":"info","message":"Listening on port 3000...","timestamp":"2019-04-22T22:31:27.574Z"}
{"level":"info","message":"Connected to mongodb://localhost/vivideo_tests...","timestamp":"2019-04-22T22:31:27.607Z"}
{"level":"info","message":"Listening on port 3000...","timestamp":"2019-04-22T22:32:11.538Z"}
{"level":"info","message":"Connected to mongodb://localhost/vivideo_tests...","timestamp":"2019-04-22T22:32:11.564Z"}
{"level":"info","message":"Listening on port 3000...","timestamp":"2019-04-22T22:32:11.896Z"}
{"level":"info","message":"Connected to mongodb://localhost/vivideo_tests...","timestamp":"2019-04-22T22:32:11.923Z"}
{"level":"info","message":"Listening on port 3000...","timestamp":"2019-04-22T22:33:28.297Z"}
{"level":"info","message":"Connected to mongodb://localhost/vivideo_tests...","timestamp":"2019-04-22T22:33:28.311Z"}
{"level":"info","message":"Listening on port 3000...","timestamp":"2019-04-22T22:33:28.683Z"}
{"level":"info","message":"Connected to mongodb://localhost/vivideo_tests...","timestamp":"2019-04-22T22:33:28.697Z"}
{"level":"info","message":"Listening on port 3000...","timestamp":"2019-04-22T22:34:20.330Z"}
{"level":"info","message":"Connected to mongodb://localhost/vivideo_tests...","timestamp":"2019-04-22T22:34:20.342Z"}
{"level":"info","message":"Listening on port 3000...","timestamp":"2019-04-22T22:34:20.681Z"}
{"level":"info","message":"Connected to mongodb://localhost/vivideo_tests...","timestamp":"2019-04-22T22:34:20.694Z"}
{"level":"info","message":"Listening on port 3000...","timestamp":"2019-04-22T22:36:09.604Z"}
{"level":"info","message":"Connected to mongodb://localhost/vivideo_tests...","timestamp":"2019-04-22T22:36:09.617Z"}
{"level":"info","message":"Listening on port 3000...","timestamp":"2019-04-22T22:36:09.930Z"}
{"level":"info","message":"Connected to mongodb://localhost/vivideo_tests...","timestamp":"2019-04-22T22:36:09.963Z"}
{"level":"info","message":"Listening on port 3000...","timestamp":"2019-04-22T22:40:37.988Z"}
{"level":"info","message":"Connected to mongodb://localhost/vivideo_tests...","timestamp":"2019-04-22T22:40:37.999Z"}
{"level":"info","message":"Listening on port 3000...","timestamp":"2019-04-22T22:40:38.288Z"}
{"level":"info","message":"Connected to mongodb://localhost/vivideo_tests...","timestamp":"2019-04-22T22:40:38.299Z"}
{"level":"info","message":"Listening on port 3000...","timestamp":"2019-04-22T22:47:04.234Z"}
{"level":"info","message":"Connected to mongodb://localhost/vivideo_tests...","timestamp":"2019-04-22T22:47:04.246Z"}
{"level":"info","message":"Listening on port 3000...","timestamp":"2019-04-22T22:47:04.612Z"}
{"level":"info","message":"Connected to mongodb://localhost/vivideo_tests...","timestamp":"2019-04-22T22:47:04.625Z"}
{"level":"info","message":"Listening on port 3000...","timestamp":"2019-04-22T22:47:34.461Z"}
{"level":"info","message":"Connected to mongodb://localhost/vivideo_tests...","timestamp":"2019-04-22T22:47:34.486Z"}
{"level":"info","message":"Listening on port 3000...","timestamp":"2019-04-22T22:47:34.830Z"}
{"level":"info","message":"Connected to mongodb://localhost/vivideo_tests...","timestamp":"2019-04-22T22:47:34.854Z"}
{"level":"info","message":"Listening on port 3000...","timestamp":"2019-04-22T22:48:16.576Z"}
{"level":"info","message":"Connected to mongodb://localhost/vivideo_tests...","timestamp":"2019-04-22T22:48:16.586Z"}
{"level":"info","message":"Listening on port 3000...","timestamp":"2019-04-22T22:48:16.932Z"}
{"level":"info","message":"Connected to mongodb://localhost/vivideo_tests...","timestamp":"2019-04-22T22:48:16.945Z"}
{"level":"info","message":"Listening on port 3000...","timestamp":"2019-04-22T22:48:44.791Z"}
{"level":"info","message":"Connected to mongodb://localhost/vivideo_tests...","timestamp":"2019-04-22T22:48:44.803Z"}
{"level":"info","message":"Listening on port 3000...","timestamp":"2019-04-22T22:48:45.197Z"}
{"level":"info","message":"Connected to mongodb://localhost/vivideo_tests...","timestamp":"2019-04-22T22:48:45.212Z"}
{"level":"info","message":"Listening on port 3000...","timestamp":"2019-04-22T22:48:54.383Z"}
{"level":"info","message":"Connected to mongodb://localhost/vivideo_tests...","timestamp":"2019-04-22T22:48:54.394Z"}
{"level":"info","message":"Listening on port 3000...","timestamp":"2019-04-22T22:48:54.710Z"}
{"level":"info","message":"Connected to mongodb://localhost/vivideo_tests...","timestamp":"2019-04-22T22:48:54.729Z"}
{"level":"info","message":"Listening on port 3000...","timestamp":"2019-04-22T22:55:53.736Z"}
{"level":"info","message":"Connected to mongodb://localhost/vivideo_tests...","timestamp":"2019-04-22T22:55:53.747Z"}
{"level":"info","message":"Listening on port 3000...","timestamp":"2019-04-22T22:55:54.058Z"}
{"level":"info","message":"Connected to mongodb://localhost/vivideo_tests...","timestamp":"2019-04-22T22:55:54.069Z"}
{"level":"info","message":"Listening on port 3000...","timestamp":"2019-04-22T22:58:40.398Z"}
{"level":"info","message":"Connected to mongodb://localhost/vivideo_tests...","timestamp":"2019-04-22T22:58:40.413Z"}
{"level":"info","message":"Listening on port 3000...","timestamp":"2019-04-22T22:58:40.762Z"}
{"level":"info","message":"Connected to mongodb://localhost/vivideo_tests...","timestamp":"2019-04-22T22:58:40.783Z"}
{"level":"info","message":"Listening on port 3000...","timestamp":"2019-04-22T22:59:13.379Z"}
{"level":"info","message":"Connected to mongodb://localhost/vivideo_tests...","timestamp":"2019-04-22T22:59:13.389Z"}
{"level":"info","message":"Listening on port 3000...","timestamp":"2019-04-22T22:59:13.751Z"}
{"level":"info","message":"Connected to mongodb://localhost/vivideo_tests...","timestamp":"2019-04-22T22:59:13.764Z"}
{"level":"info","message":"Listening on port 3000...","timestamp":"2019-04-22T22:59:59.240Z"}
{"level":"info","message":"Connected to mongodb://localhost/vivideo_tests...","timestamp":"2019-04-22T22:59:59.251Z"}
{"level":"info","message":"Listening on port 3000...","timestamp":"2019-04-22T22:59:59.580Z"}
{"level":"info","message":"Connected to mongodb://localhost/vivideo_tests...","timestamp":"2019-04-22T22:59:59.605Z"}
{"level":"info","message":"Listening on port 3000...","timestamp":"2019-04-22T23:01:36.583Z"}
{"level":"info","message":"Connected to mongodb://localhost/vivideo_tests...","timestamp":"2019-04-22T23:01:36.600Z"}
{"level":"info","message":"Listening on port 3000...","timestamp":"2019-04-22T23:01:36.926Z"}
{"level":"info","message":"Connected to mongodb://localhost/vivideo_tests...","timestamp":"2019-04-22T23:01:36.955Z"}
{"level":"info","message":"Listening on port 3000...","timestamp":"2019-04-22T23:02:16.086Z"}
{"level":"info","message":"Connected to mongodb://localhost/vivideo_tests...","timestamp":"2019-04-22T23:02:16.112Z"}
{"level":"info","message":"Listening on port 3000...","timestamp":"2019-04-22T23:02:16.505Z"}
{"level":"info","message":"Connected to mongodb://localhost/vivideo_tests...","timestamp":"2019-04-22T23:02:16.517Z"}
{"level":"info","message":"Listening on port 3000...","timestamp":"2019-04-22T23:10:13.111Z"}
{"level":"info","message":"Connected to mongodb://localhost/vivideo_tests...","timestamp":"2019-04-22T23:10:13.122Z"}
{"level":"info","message":"Listening on port 3000...","timestamp":"2019-04-22T23:10:13.429Z"}
{"level":"info","message":"Connected to mongodb://localhost/vivideo_tests...","timestamp":"2019-04-22T23:10:13.440Z"}
{"level":"info","message":"Listening on port 3000...","timestamp":"2019-04-22T23:10:38.653Z"}
{"level":"info","message":"Connected to mongodb://localhost/vivideo_tests...","timestamp":"2019-04-22T23:10:38.681Z"}
{"level":"info","message":"Listening on port 3000...","timestamp":"2019-04-22T23:10:39.046Z"}
{"level":"info","message":"Connected to mongodb://localhost/vivideo_tests...","timestamp":"2019-04-22T23:10:39.073Z"}
{"level":"info","message":"Listening on port 3000...","timestamp":"2019-04-23T21:00:29.532Z"}
{"level":"info","message":"Connected to mongodb://localhost/vivideo_tests...","timestamp":"2019-04-23T21:00:29.558Z"}
{"level":"info","message":"Listening on port 3000...","timestamp":"2019-04-23T21:00:48.785Z"}
{"level":"info","message":"Connected to mongodb://localhost/vivideo_tests...","timestamp":"2019-04-23T21:00:48.803Z"}
{"level":"info","message":"Listening on port 3000...","timestamp":"2019-04-23T21:00:49.406Z"}
{"level":"info","message":"Connected to mongodb://localhost/vivideo_tests...","timestamp":"2019-04-23T21:00:49.416Z"}
{"level":"info","message":"Listening on port 3000...","timestamp":"2019-04-23T21:01:10.726Z"}
{"level":"info","message":"Connected to mongodb://localhost/vivideo_tests...","timestamp":"2019-04-23T21:01:10.747Z"}
{"level":"info","message":"Listening on port 3000...","timestamp":"2019-04-23T21:01:11.159Z"}
{"level":"info","message":"Connected to mongodb://localhost/vivideo_tests...","timestamp":"2019-04-23T21:01:11.171Z"}
{"level":"info","message":"Listening on port 3000...","timestamp":"2019-04-23T21:01:50.549Z"}
{"level":"info","message":"Connected to mongodb://localhost/vivideo_tests...","timestamp":"2019-04-23T21:01:50.570Z"}
{"level":"info","message":"Listening on port 3000...","timestamp":"2019-04-23T21:01:50.911Z"}
{"level":"info","message":"Connected to mongodb://localhost/vivideo_tests...","timestamp":"2019-04-23T21:01:50.925Z"}
{"level":"info","message":"Listening on port 3000...","timestamp":"2019-04-23T21:26:38.385Z"}
{"level":"info","message":"Connected to mongodb://localhost/vivideo_tests...","timestamp":"2019-04-23T21:26:38.403Z"}
{"level":"info","message":"Listening on port 3000...","timestamp":"2019-04-23T21:26:38.771Z"}
{"level":"info","message":"Connected to mongodb://localhost/vivideo_tests...","timestamp":"2019-04-23T21:26:38.782Z"}
